c:\users\takut\source\repos\azarasi engine\azarasi engine\x64\debug\vc143.pdb
c:\users\takut\source\repos\azarasi engine\azarasi engine\x64\debug\vc143.idb
c:\users\takut\source\repos\azarasi engine\azarasi engine\x64\debug\obj_viewer.obj
c:\users\takut\source\repos\azarasi engine\azarasi engine\x64\debug\main.obj
c:\users\takut\source\repos\azarasi engine\azarasi engine\x64\debug\obj.obj
c:\users\takut\source\repos\azarasi engine\azarasi engine\x64\debug\azarasi engine.res
c:\users\takut\source\repos\azarasi engine\azarasi engine\x64\debug\azarasi engine.ilk
c:\users\takut\source\repos\azarasi engine\x64\debug\azarasi engine.pdb
c:\users\takut\source\repos\azarasi engine\azarasi engine\x64\debug\azarasi engine.tlog\cl.command.1.tlog
c:\users\takut\source\repos\azarasi engine\azarasi engine\x64\debug\azarasi engine.tlog\cl.items.tlog
c:\users\takut\source\repos\azarasi engine\azarasi engine\x64\debug\azarasi engine.tlog\cl.read.1.tlog
c:\users\takut\source\repos\azarasi engine\azarasi engine\x64\debug\azarasi engine.tlog\cl.write.1.tlog
c:\users\takut\source\repos\azarasi engine\azarasi engine\x64\debug\azarasi engine.tlog\link-cvtres.read.1.tlog
c:\users\takut\source\repos\azarasi engine\azarasi engine\x64\debug\azarasi engine.tlog\link-cvtres.write.1.tlog
c:\users\takut\source\repos\azarasi engine\azarasi engine\x64\debug\azarasi engine.tlog\link-rc.read.1.tlog
c:\users\takut\source\repos\azarasi engine\azarasi engine\x64\debug\azarasi engine.tlog\link-rc.write.1.tlog
c:\users\takut\source\repos\azarasi engine\azarasi engine\x64\debug\azarasi engine.tlog\link.24924-cvtres.read.1.tlog
c:\users\takut\source\repos\azarasi engine\azarasi engine\x64\debug\azarasi engine.tlog\link.24924-cvtres.write.1.tlog
c:\users\takut\source\repos\azarasi engine\azarasi engine\x64\debug\azarasi engine.tlog\link.24924-rc.read.1.tlog
c:\users\takut\source\repos\azarasi engine\azarasi engine\x64\debug\azarasi engine.tlog\link.24924-rc.write.1.tlog
c:\users\takut\source\repos\azarasi engine\azarasi engine\x64\debug\azarasi engine.tlog\link.24924.read.1.tlog
c:\users\takut\source\repos\azarasi engine\azarasi engine\x64\debug\azarasi engine.tlog\link.24924.read.2.tlog
c:\users\takut\source\repos\azarasi engine\azarasi engine\x64\debug\azarasi engine.tlog\link.24924.write.1.tlog
c:\users\takut\source\repos\azarasi engine\azarasi engine\x64\debug\azarasi engine.tlog\link.command.1.tlog
c:\users\takut\source\repos\azarasi engine\azarasi engine\x64\debug\azarasi engine.tlog\link.read.1.tlog
c:\users\takut\source\repos\azarasi engine\azarasi engine\x64\debug\azarasi engine.tlog\link.read.2.tlog
c:\users\takut\source\repos\azarasi engine\azarasi engine\x64\debug\azarasi engine.tlog\link.secondary.1.tlog
c:\users\takut\source\repos\azarasi engine\azarasi engine\x64\debug\azarasi engine.tlog\link.write.1.tlog
c:\users\takut\source\repos\azarasi engine\azarasi engine\x64\debug\azarasi engine.tlog\rc.command.1.tlog
c:\users\takut\source\repos\azarasi engine\azarasi engine\x64\debug\azarasi engine.tlog\rc.read.1.tlog
c:\users\takut\source\repos\azarasi engine\azarasi engine\x64\debug\azarasi engine.tlog\rc.write.1.tlog
